0 info it worked if it ends with ok
1 verbose cli [ 'E:\\Program Files\\nodejs\\node.exe',
1 verbose cli   'E:\\Program Files\\nodejs\\node_modules\\npm\\bin\\npm-cli.js',
1 verbose cli   'run',
1 verbose cli   'test:win' ]
2 info using npm@3.10.3
3 info using node@v6.5.0
4 verbose run-script [ 'pretest:win', 'test:win', 'posttest:win' ]
5 info lifecycle parashout-server@1.0.0~pretest:win: parashout-server@1.0.0
6 silly lifecycle parashout-server@1.0.0~pretest:win: no script for pretest:win, continuing
7 info lifecycle parashout-server@1.0.0~test:win: parashout-server@1.0.0
8 verbose lifecycle parashout-server@1.0.0~test:win: unsafe-perm in lifecycle true
9 verbose lifecycle parashout-server@1.0.0~test:win: PATH: e:\Users\Laci\AppData\Roaming\nvm\v6.5.0\node_modules\npm\bin\node-gyp-bin;E:\Parashout\parashout-server\node_modules\.bin;E:\Program Files\nodejs;C:\Users\Laci\AppData\Roaming\npm;E:\Program Files\nodejs\;C:\Program Files\Broadcom\Broadcom 802.11 Network Adapter;C:\Windows\system32;C:\Windows;C:\Windows\System32\Wbem;C:\Windows\System32\WindowsPowerShell\v1.0\;C:\Program Files\Lenovo\Bluetooth Software\;C:\Program Files\Lenovo\Bluetooth Software\syswow64;C:\Program Files (x86)\Intel\OpenCL SDK\2.0\bin\x86;C:\Program Files (x86)\Intel\OpenCL SDK\2.0\bin\x64;C:\Program Files (x86)\Skype\Phone\;E:\Program Files\TortoiseGit\bin;e:\Program Files\Git\cmd;C:\Program Files (x86)\NVIDIA Corporation\PhysX\Common;e:\Users\Laci\AppData\Roaming\nvm;e:\Program Files\nodejs;C:\Users\Laci\AppData\Roaming\npm;C:\Users\Laci\AppData\Local\atom\bin;e:\Users\Laci\AppData\Roaming\nvm;e:\Program Files\nodejs
10 verbose lifecycle parashout-server@1.0.0~test:win: CWD: E:\Parashout\parashout-server
11 silly lifecycle parashout-server@1.0.0~test:win: Args: [ '/d /s /c', 'set NODE_ENV=test&& mocha src/test/**/*.js' ]
12 silly lifecycle parashout-server@1.0.0~test:win: Returned: code: 1  signal: null
13 info lifecycle parashout-server@1.0.0~test:win: Failed to exec test:win script
14 verbose stack Error: parashout-server@1.0.0 test:win: `set NODE_ENV=test&& mocha src/test/**/*.js`
14 verbose stack Exit status 1
14 verbose stack     at EventEmitter.<anonymous> (e:\Users\Laci\AppData\Roaming\nvm\v6.5.0\node_modules\npm\lib\utils\lifecycle.js:242:16)
14 verbose stack     at emitTwo (events.js:106:13)
14 verbose stack     at EventEmitter.emit (events.js:191:7)
14 verbose stack     at ChildProcess.<anonymous> (e:\Users\Laci\AppData\Roaming\nvm\v6.5.0\node_modules\npm\lib\utils\spawn.js:40:14)
14 verbose stack     at emitTwo (events.js:106:13)
14 verbose stack     at ChildProcess.emit (events.js:191:7)
14 verbose stack     at maybeClose (internal/child_process.js:877:16)
14 verbose stack     at Process.ChildProcess._handle.onexit (internal/child_process.js:226:5)
15 verbose pkgid parashout-server@1.0.0
16 verbose cwd E:\Parashout\parashout-server\src
17 error Windows_NT 10.0.10586
18 error argv "E:\\Program Files\\nodejs\\node.exe" "E:\\Program Files\\nodejs\\node_modules\\npm\\bin\\npm-cli.js" "run" "test:win"
19 error node v6.5.0
20 error npm  v3.10.3
21 error code ELIFECYCLE
22 error parashout-server@1.0.0 test:win: `set NODE_ENV=test&& mocha src/test/**/*.js`
22 error Exit status 1
23 error Failed at the parashout-server@1.0.0 test:win script 'set NODE_ENV=test&& mocha src/test/**/*.js'.
23 error Make sure you have the latest version of node.js and npm installed.
23 error If you do, this is most likely a problem with the parashout-server package,
23 error not with npm itself.
23 error Tell the author that this fails on your system:
23 error     set NODE_ENV=test&& mocha src/test/**/*.js
23 error You can get information on how to open an issue for this project with:
23 error     npm bugs parashout-server
23 error Or if that isn't available, you can get their info via:
23 error     npm owner ls parashout-server
23 error There is likely additional logging output above.
24 verbose exit [ 1, true ]
